<?xml version="1.0" encoding="UTF-8"?>
<!-- Generated by org.testng.reporters.JUnitReportReporter -->
<testsuite hostname="DESKTOP-Q4DJ4GC" name="com.bayer.digitalfarming.frontend.selenium.testcases.AccessGoogle" tests="2" failures="0" timestamp="8 May 2020 08:35:21 GMT" time="32.052" errors="0">
  <testcase name="clickGmail" time="21.125" classname="com.bayer.digitalfarming.frontend.selenium.testcases.AccessGoogle"/>
  <testcase name="searchGoogle" time="10.927" classname="com.bayer.digitalfarming.frontend.selenium.testcases.AccessGoogle"/>
</testsuite> <!-- com.bayer.digitalfarming.frontend.selenium.testcases.AccessGoogle -->
