<?xml version="1.0" encoding="UTF-8"?>
<!-- Generated by org.testng.reporters.JUnitReportReporter -->
<testsuite hostname="DESKTOP-Q4DJ4GC" name="com.bayer.digitalfarming.frontend.selenium.utils.test.MyTest" tests="1" failures="0" timestamp="22 Apr 2020 08:49:54 GMT" time="0.178" errors="0">
  <testcase name="firsttest" time="0.178" classname="com.bayer.digitalfarming.frontend.selenium.utils.test.MyTest"/>
</testsuite> <!-- com.bayer.digitalfarming.frontend.selenium.utils.test.MyTest -->
